<?xml version="1.0" encoding="UTF-8"?>
<coverage generated="1764332688750" clover="3.2.0">
  <project timestamp="1764332688750" name="All files">
    <metrics statements="20" coveredstatements="19" conditionals="7" coveredconditionals="6" methods="5" coveredmethods="5" elements="32" coveredelements="30" complexity="0" loc="20" ncloc="20" packages="1" files="2" classes="2"/>
    <file name="format.ts" path="/home/riddler/merklebuilder/web/lib/format.ts">
      <metrics statements="6" coveredstatements="6" conditionals="5" coveredconditionals="4" methods="2" coveredmethods="2"/>
      <line num="3" count="1" type="stmt"/>
      <line num="4" count="4" type="cond" truecount="2" falsecount="0"/>
      <line num="6" count="1" type="cond" truecount="1" falsecount="0"/>
      <line num="7" count="6" type="stmt"/>
      <line num="8" count="6" type="cond" truecount="1" falsecount="1"/>
      <line num="9" count="6" type="stmt"/>
    </file>
    <file name="validators.ts" path="/home/riddler/merklebuilder/web/lib/validators.ts">
      <metrics statements="14" coveredstatements="13" conditionals="2" coveredconditionals="2" methods="3" coveredmethods="3"/>
      <line num="4" count="1" type="stmt"/>
      <line num="13" count="1" type="stmt"/>
      <line num="17" count="3" type="stmt"/>
      <line num="18" count="3" type="stmt"/>
      <line num="20" count="0" type="stmt"/>
      <line num="24" count="1" type="stmt"/>
      <line num="28" count="5" type="stmt"/>
      <line num="29" count="5" type="stmt"/>
      <line num="32" count="1" type="stmt"/>
      <line num="36" count="5" type="stmt"/>
      <line num="37" count="5" type="cond" truecount="2" falsecount="0"/>
      <line num="38" count="4" type="stmt"/>
      <line num="39" count="4" type="stmt"/>
      <line num="42" count="1" type="stmt"/>
    </file>
  </project>
</coverage>
