{"/home/riddler/merklebuilder/web/lib/format.ts": {"path":"/home/riddler/merklebuilder/web/lib/format.ts","statementMap":{"0":{"start":{"line":3,"column":23},"end":{"line":4,"column":null}},"1":{"start":{"line":4,"column":2},"end":{"line":4,"column":null}},"2":{"start":{"line":6,"column":27},"end":{"line":10,"column":null}},"3":{"start":{"line":7,"column":14},"end":{"line":7,"column":null}},"4":{"start":{"line":8,"column":2},"end":{"line":8,"column":null}},"5":{"start":{"line":8,"column":29},"end":{"line":8,"column":null}},"6":{"start":{"line":9,"column":2},"end":{"line":9,"column":null}}},"fnMap":{"0":{"name":"(anonymous_0)","decl":{"start":{"line":3,"column":23},"end":{"line":3,"column":24}},"loc":{"start":{"line":4,"column":2},"end":{"line":4,"column":null}},"line":4},"1":{"name":"(anonymous_1)","decl":{"start":{"line":6,"column":27},"end":{"line":6,"column":28}},"loc":{"start":{"line":6,"column":58},"end":{"line":10,"column":null}},"line":6}},"branchMap":{"0":{"loc":{"start":{"line":4,"column":2},"end":{"line":4,"column":null}},"type":"cond-expr","locations":[{"start":{"line":4,"column":9},"end":{"line":4,"column":51}},{"start":{"line":4,"column":51},"end":{"line":4,"column":null}}],"line":4},"1":{"loc":{"start":{"line":6,"column":43},"end":{"line":6,"column":58}},"type":"default-arg","locations":[{"start":{"line":6,"column":52},"end":{"line":6,"column":58}}],"line":6},"2":{"loc":{"start":{"line":8,"column":2},"end":{"line":8,"column":null}},"type":"if","locations":[{"start":{"line":8,"column":2},"end":{"line":8,"column":null}},{"start":{},"end":{}}],"line":8}},"s":{"0":1,"1":4,"2":1,"3":6,"4":6,"5":0,"6":6},"f":{"0":4,"1":6},"b":{"0":[1,3],"1":[6],"2":[0,6]},"meta":{"lastBranch":3,"lastFunction":2,"lastStatement":7,"seen":{"s:3:23:4:Infinity":0,"f:3:23:3:24":0,"s:4:2:4:Infinity":1,"b:4:9:4:51:4:51:4:Infinity":0,"s:6:27:10:Infinity":2,"f:6:27:6:28":1,"b:6:52:6:58":1,"s:7:14:7:Infinity":3,"b:8:2:8:Infinity:undefined:undefined:undefined:undefined":2,"s:8:2:8:Infinity":4,"s:8:29:8:Infinity":5,"s:9:2:9:Infinity":6}}}
,"/home/riddler/merklebuilder/web/lib/validators.ts": {"path":"/home/riddler/merklebuilder/web/lib/validators.ts","statementMap":{"0":{"start":{"line":4,"column":25},"end":{"line":11,"column":null}},"1":{"start":{"line":13,"column":29},"end":{"line":22,"column":null}},"2":{"start":{"line":17,"column":8},"end":{"line":21,"column":null}},"3":{"start":{"line":18,"column":12},"end":{"line":18,"column":null}},"4":{"start":{"line":20,"column":12},"end":{"line":20,"column":null}},"5":{"start":{"line":24,"column":28},"end":{"line":30,"column":null}},"6":{"start":{"line":28,"column":20},"end":{"line":28,"column":null}},"7":{"start":{"line":29,"column":8},"end":{"line":29,"column":null}},"8":{"start":{"line":32,"column":30},"end":{"line":40,"column":null}},"9":{"start":{"line":36,"column":22},"end":{"line":36,"column":null}},"10":{"start":{"line":37,"column":8},"end":{"line":37,"column":null}},"11":{"start":{"line":37,"column":20},"end":{"line":37,"column":null}},"12":{"start":{"line":38,"column":22},"end":{"line":38,"column":null}},"13":{"start":{"line":39,"column":8},"end":{"line":39,"column":null}},"14":{"start":{"line":42,"column":35},"end":{"line":57,"column":null}}},"fnMap":{"0":{"name":"(anonymous_0)","decl":{"start":{"line":16,"column":12},"end":{"line":16,"column":13}},"loc":{"start":{"line":16,"column":22},"end":{"line":22,"column":7}},"line":16},"1":{"name":"(anonymous_1)","decl":{"start":{"line":27,"column":12},"end":{"line":27,"column":13}},"loc":{"start":{"line":27,"column":21},"end":{"line":30,"column":7}},"line":27},"2":{"name":"(anonymous_2)","decl":{"start":{"line":35,"column":12},"end":{"line":35,"column":13}},"loc":{"start":{"line":35,"column":21},"end":{"line":40,"column":7}},"line":35}},"branchMap":{"0":{"loc":{"start":{"line":37,"column":8},"end":{"line":37,"column":null}},"type":"if","locations":[{"start":{"line":37,"column":8},"end":{"line":37,"column":null}},{"start":{},"end":{}}],"line":37}},"s":{"0":1,"1":1,"2":3,"3":3,"4":0,"5":1,"6":5,"7":5,"8":1,"9":5,"10":5,"11":1,"12":4,"13":4,"14":1},"f":{"0":3,"1":5,"2":5},"b":{"0":[1,4]},"meta":{"lastBranch":1,"lastFunction":3,"lastStatement":15,"seen":{"s:4:25:11:Infinity":0,"s:13:29:22:Infinity":1,"f:16:12:16:13":0,"s:17:8:21:Infinity":2,"s:18:12:18:Infinity":3,"s:20:12:20:Infinity":4,"s:24:28:30:Infinity":5,"f:27:12:27:13":1,"s:28:20:28:Infinity":6,"s:29:8:29:Infinity":7,"s:32:30:40:Infinity":8,"f:35:12:35:13":2,"s:36:22:36:Infinity":9,"b:37:8:37:Infinity:undefined:undefined:undefined:undefined":0,"s:37:8:37:Infinity":10,"s:37:20:37:Infinity":11,"s:38:22:38:Infinity":12,"s:39:8:39:Infinity":13,"s:42:35:57:Infinity":14}}}
}
